{
  "RSpec": {
    "coverage": {
      "/Users/andrewvaillant/challenges/board-it/app/models/user.rb": [
        1,
        null,
        1,
        1,
        null,
        null,
        null,
        null,
        null,
        1,
        null,
        null
      ],
      "/Users/andrewvaillant/challenges/board-it/app/models/application_record.rb": [
        1,
        1,
        null
      ],
      "/Users/andrewvaillant/challenges/board-it/app/helpers/application_helper.rb": [
        1,
        null
      ],
      "/Users/andrewvaillant/challenges/board-it/app/controllers/homes_controller.rb": [
        1,
        null,
        null
      ],
      "/Users/andrewvaillant/challenges/board-it/app/controllers/application_controller.rb": [
        1,
        1,
        1,
        null,
        1,
        null,
        1,
        null,
        48,
        4,
        4,
        4,
        0,
        null,
        null,
        null,
        4,
        null,
        null,
        null,
        null
      ],
      "/Users/andrewvaillant/challenges/board-it/app/controllers/admin/admins_controller.rb": [
        1,
        null,
        1,
        2,
        null,
        null,
        null
      ],
      "/Users/andrewvaillant/challenges/board-it/app/controllers/users_controller.rb": [
        1,
        1,
        null,
        1,
        2,
        null,
        null,
        1,
        2,
        null,
        null,
        1,
        1,
        1,
        1,
        null,
        0,
        null,
        null,
        null,
        null,
        null,
        null,
        null
      ],
      "/Users/andrewvaillant/challenges/board-it/app/channels/application_cable/channel.rb": [
        0,
        0,
        0,
        0
      ],
      "/Users/andrewvaillant/challenges/board-it/app/channels/application_cable/connection.rb": [
        0,
        0,
        0,
        0
      ],
      "/Users/andrewvaillant/challenges/board-it/app/controllers/static_pages_controller.rb": [
        0,
        0
      ],
      "/Users/andrewvaillant/challenges/board-it/app/jobs/application_job.rb": [
        0,
        0
      ],
      "/Users/andrewvaillant/challenges/board-it/app/mailers/application_mailer.rb": [
        0,
        0,
        0,
        0
      ]
    },
    "timestamp": 1501860378
  }
}
